{"/mnt/c/Users/Jisoo Lee/Dropbox/My PC (DESKTOP-967HQON)/Desktop/Spring Borad/CURRICULURM/CHAPTER_41_EXPRESS_AND_POSTGRESS/41.2 Node-pg Relationships/express-biztime/app.js": {"path":"/mnt/c/Users/Jisoo Lee/Dropbox/My PC (DESKTOP-967HQON)/Desktop/Spring Borad/CURRICULURM/CHAPTER_41_EXPRESS_AND_POSTGRESS/41.2 Node-pg Relationships/express-biztime/app.js","statementMap":{"0":{"start":{"line":4,"column":16},"end":{"line":4,"column":34}},"1":{"start":{"line":6,"column":12},"end":{"line":6,"column":21}},"2":{"start":{"line":7,"column":21},"end":{"line":7,"column":46}},"3":{"start":{"line":9,"column":0},"end":{"line":9,"column":24}},"4":{"start":{"line":12,"column":16},"end":{"line":12,"column":45}},"5":{"start":{"line":13,"column":0},"end":{"line":13,"column":30}},"6":{"start":{"line":15,"column":16},"end":{"line":15,"column":44}},"7":{"start":{"line":16,"column":0},"end":{"line":16,"column":29}},"8":{"start":{"line":20,"column":0},"end":{"line":23,"column":3}},"9":{"start":{"line":21,"column":14},"end":{"line":21,"column":48}},"10":{"start":{"line":22,"column":2},"end":{"line":22,"column":19}},"11":{"start":{"line":27,"column":0},"end":{"line":34,"column":3}},"12":{"start":{"line":28,"column":2},"end":{"line":28,"column":32}},"13":{"start":{"line":30,"column":2},"end":{"line":33,"column":5}},"14":{"start":{"line":37,"column":0},"end":{"line":37,"column":21}}},"fnMap":{"0":{"name":"(anonymous_0)","decl":{"start":{"line":20,"column":8},"end":{"line":20,"column":9}},"loc":{"start":{"line":20,"column":33},"end":{"line":23,"column":1}},"line":20},"1":{"name":"(anonymous_1)","decl":{"start":{"line":27,"column":8},"end":{"line":27,"column":9}},"loc":{"start":{"line":27,"column":33},"end":{"line":34,"column":1}},"line":27}},"branchMap":{"0":{"loc":{"start":{"line":28,"column":13},"end":{"line":28,"column":30}},"type":"binary-expr","locations":[{"start":{"line":28,"column":13},"end":{"line":28,"column":23}},{"start":{"line":28,"column":27},"end":{"line":28,"column":30}}],"line":28}},"s":{"0":2,"1":2,"2":2,"3":2,"4":2,"5":2,"6":2,"7":2,"8":2,"9":0,"10":0,"11":2,"12":0,"13":0,"14":2},"f":{"0":0,"1":0},"b":{"0":[0,0]},"_coverageSchema":"1a1c01bbd47fc00a2c39e90264f33305004495a9","hash":"66004910aab506b1ff4c02048bfe700b8dafdab7"}
,"/mnt/c/Users/Jisoo Lee/Dropbox/My PC (DESKTOP-967HQON)/Desktop/Spring Borad/CURRICULURM/CHAPTER_41_EXPRESS_AND_POSTGRESS/41.2 Node-pg Relationships/express-biztime/db.js": {"path":"/mnt/c/Users/Jisoo Lee/Dropbox/My PC (DESKTOP-967HQON)/Desktop/Spring Borad/CURRICULURM/CHAPTER_41_EXPRESS_AND_POSTGRESS/41.2 Node-pg Relationships/express-biztime/db.js","statementMap":{"0":{"start":{"line":2,"column":0},"end":{"line":2,"column":27}},"1":{"start":{"line":3,"column":19},"end":{"line":3,"column":32}},"2":{"start":{"line":7,"column":0},"end":{"line":16,"column":1}},"3":{"start":{"line":8,"column":2},"end":{"line":10,"column":2}},"4":{"start":{"line":13,"column":2},"end":{"line":15,"column":4}},"5":{"start":{"line":18,"column":0},"end":{"line":18,"column":13}},"6":{"start":{"line":19,"column":0},"end":{"line":19,"column":20}}},"fnMap":{},"branchMap":{"0":{"loc":{"start":{"line":7,"column":0},"end":{"line":16,"column":1}},"type":"if","locations":[{"start":{"line":7,"column":0},"end":{"line":16,"column":1}},{"start":{"line":12,"column":7},"end":{"line":16,"column":1}}],"line":7}},"s":{"0":2,"1":2,"2":2,"3":2,"4":0,"5":2,"6":2},"f":{},"b":{"0":[2,0]},"_coverageSchema":"1a1c01bbd47fc00a2c39e90264f33305004495a9","hash":"fc6382c11fb53c20dbc8f9125665a0fefd220b21"}
,"/mnt/c/Users/Jisoo Lee/Dropbox/My PC (DESKTOP-967HQON)/Desktop/Spring Borad/CURRICULURM/CHAPTER_41_EXPRESS_AND_POSTGRESS/41.2 Node-pg Relationships/express-biztime/expressError.js": {"path":"/mnt/c/Users/Jisoo Lee/Dropbox/My PC (DESKTOP-967HQON)/Desktop/Spring Borad/CURRICULURM/CHAPTER_41_EXPRESS_AND_POSTGRESS/41.2 Node-pg Relationships/express-biztime/expressError.js","statementMap":{"0":{"start":{"line":9,"column":4},"end":{"line":9,"column":12}},"1":{"start":{"line":10,"column":4},"end":{"line":10,"column":27}},"2":{"start":{"line":11,"column":4},"end":{"line":11,"column":25}},"3":{"start":{"line":12,"column":4},"end":{"line":12,"column":30}},"4":{"start":{"line":17,"column":0},"end":{"line":17,"column":30}}},"fnMap":{"0":{"name":"(anonymous_0)","decl":{"start":{"line":8,"column":2},"end":{"line":8,"column":3}},"loc":{"start":{"line":8,"column":31},"end":{"line":13,"column":3}},"line":8}},"branchMap":{},"s":{"0":0,"1":0,"2":0,"3":0,"4":2},"f":{"0":0},"b":{},"_coverageSchema":"1a1c01bbd47fc00a2c39e90264f33305004495a9","hash":"fc937b9bce62d41f2d480c9f6d5c01d78452579b"}
,"/mnt/c/Users/Jisoo Lee/Dropbox/My PC (DESKTOP-967HQON)/Desktop/Spring Borad/CURRICULURM/CHAPTER_41_EXPRESS_AND_POSTGRESS/41.2 Node-pg Relationships/express-biztime/routes/companies.js": {"path":"/mnt/c/Users/Jisoo Lee/Dropbox/My PC (DESKTOP-967HQON)/Desktop/Spring Borad/CURRICULURM/CHAPTER_41_EXPRESS_AND_POSTGRESS/41.2 Node-pg Relationships/express-biztime/routes/companies.js","statementMap":{"0":{"start":{"line":1,"column":16},"end":{"line":1,"column":34}},"1":{"start":{"line":2,"column":15},"end":{"line":2,"column":31}},"2":{"start":{"line":3,"column":11},"end":{"line":3,"column":27}},"3":{"start":{"line":4,"column":16},"end":{"line":4,"column":34}},"4":{"start":{"line":7,"column":0},"end":{"line":17,"column":2}},"5":{"start":{"line":8,"column":2},"end":{"line":15,"column":3}},"6":{"start":{"line":8,"column":25},"end":{"line":10,"column":3}},"7":{"start":{"line":11,"column":2},"end":{"line":11,"column":32}},"8":{"start":{"line":14,"column":4},"end":{"line":14,"column":18}},"9":{"start":{"line":20,"column":0},"end":{"line":44,"column":2}},"10":{"start":{"line":21,"column":19},"end":{"line":21,"column":29}},"11":{"start":{"line":22,"column":2},"end":{"line":43,"column":3}},"12":{"start":{"line":23,"column":18},"end":{"line":25,"column":5}},"13":{"start":{"line":27,"column":4},"end":{"line":34,"column":5}},"14":{"start":{"line":28,"column":6},"end":{"line":33,"column":8}},"15":{"start":{"line":35,"column":23},"end":{"line":37,"column":5}},"16":{"start":{"line":38,"column":20},"end":{"line":38,"column":35}},"17":{"start":{"line":39,"column":4},"end":{"line":39,"column":51}},"18":{"start":{"line":39,"column":46},"end":{"line":39,"column":50}},"19":{"start":{"line":40,"column":4},"end":{"line":40,"column":30}},"20":{"start":{"line":42,"column":4},"end":{"line":42,"column":18}},"21":{"start":{"line":47,"column":0},"end":{"line":60,"column":2}},"22":{"start":{"line":48,"column":2},"end":{"line":59,"column":3}},"23":{"start":{"line":49,"column":34},"end":{"line":49,"column":42}},"24":{"start":{"line":50,"column":17},"end":{"line":50,"column":47}},"25":{"start":{"line":51,"column":20},"end":{"line":54,"column":5}},"26":{"start":{"line":55,"column":4},"end":{"line":55,"column":58}},"27":{"start":{"line":58,"column":4},"end":{"line":58,"column":18}},"28":{"start":{"line":64,"column":0},"end":{"line":89,"column":2}},"29":{"start":{"line":65,"column":2},"end":{"line":88,"column":3}},"30":{"start":{"line":66,"column":21},"end":{"line":66,"column":31}},"31":{"start":{"line":67,"column":32},"end":{"line":67,"column":40}},"32":{"start":{"line":69,"column":18},"end":{"line":71,"column":5}},"33":{"start":{"line":72,"column":4},"end":{"line":79,"column":5}},"34":{"start":{"line":73,"column":6},"end":{"line":78,"column":9}},"35":{"start":{"line":80,"column":20},"end":{"line":82,"column":5}},"36":{"start":{"line":83,"column":4},"end":{"line":85,"column":6}},"37":{"start":{"line":87,"column":4},"end":{"line":87,"column":18}},"38":{"start":{"line":93,"column":0},"end":{"line":105,"column":2}},"39":{"start":{"line":94,"column":15},"end":{"line":94,"column":25}},"40":{"start":{"line":95,"column":15},"end":{"line":98,"column":1}},"41":{"start":{"line":100,"column":0},"end":{"line":102,"column":1}},"42":{"start":{"line":101,"column":2},"end":{"line":101,"column":62}},"43":{"start":{"line":104,"column":0},"end":{"line":104,"column":39}},"44":{"start":{"line":108,"column":0},"end":{"line":108,"column":24}}},"fnMap":{"0":{"name":"(anonymous_0)","decl":{"start":{"line":7,"column":16},"end":{"line":7,"column":17}},"loc":{"start":{"line":7,"column":48},"end":{"line":17,"column":1}},"line":7},"1":{"name":"(anonymous_1)","decl":{"start":{"line":20,"column":21},"end":{"line":20,"column":22}},"loc":{"start":{"line":20,"column":53},"end":{"line":44,"column":1}},"line":20},"2":{"name":"(anonymous_2)","decl":{"start":{"line":39,"column":42},"end":{"line":39,"column":43}},"loc":{"start":{"line":39,"column":46},"end":{"line":39,"column":50}},"line":39},"3":{"name":"(anonymous_3)","decl":{"start":{"line":47,"column":17},"end":{"line":47,"column":18}},"loc":{"start":{"line":47,"column":49},"end":{"line":60,"column":1}},"line":47},"4":{"name":"(anonymous_4)","decl":{"start":{"line":64,"column":21},"end":{"line":64,"column":22}},"loc":{"start":{"line":64,"column":53},"end":{"line":89,"column":1}},"line":64},"5":{"name":"(anonymous_5)","decl":{"start":{"line":93,"column":24},"end":{"line":93,"column":25}},"loc":{"start":{"line":93,"column":56},"end":{"line":105,"column":1}},"line":93}},"branchMap":{"0":{"loc":{"start":{"line":27,"column":4},"end":{"line":34,"column":5}},"type":"if","locations":[{"start":{"line":27,"column":4},"end":{"line":34,"column":5}},{"start":{},"end":{}}],"line":27},"1":{"loc":{"start":{"line":72,"column":4},"end":{"line":79,"column":5}},"type":"if","locations":[{"start":{"line":72,"column":4},"end":{"line":79,"column":5}},{"start":{},"end":{}}],"line":72},"2":{"loc":{"start":{"line":100,"column":0},"end":{"line":102,"column":1}},"type":"if","locations":[{"start":{"line":100,"column":0},"end":{"line":102,"column":1}},{"start":{},"end":{}}],"line":100}},"s":{"0":2,"1":2,"2":2,"3":2,"4":2,"5":1,"6":1,"7":1,"8":0,"9":2,"10":1,"11":1,"12":1,"13":1,"14":0,"15":1,"16":1,"17":1,"18":0,"19":1,"20":0,"21":2,"22":1,"23":1,"24":1,"25":1,"26":1,"27":0,"28":2,"29":3,"30":3,"31":3,"32":3,"33":3,"34":2,"35":1,"36":1,"37":0,"38":2,"39":1,"40":1,"41":1,"42":0,"43":1,"44":2},"f":{"0":1,"1":1,"2":0,"3":1,"4":3,"5":1},"b":{"0":[0,1],"1":[2,1],"2":[0,1]},"_coverageSchema":"1a1c01bbd47fc00a2c39e90264f33305004495a9","hash":"e4499ded635cc3c13e16f492b8661165f272138b"}
,"/mnt/c/Users/Jisoo Lee/Dropbox/My PC (DESKTOP-967HQON)/Desktop/Spring Borad/CURRICULURM/CHAPTER_41_EXPRESS_AND_POSTGRESS/41.2 Node-pg Relationships/express-biztime/routes/invoices.js": {"path":"/mnt/c/Users/Jisoo Lee/Dropbox/My PC (DESKTOP-967HQON)/Desktop/Spring Borad/CURRICULURM/CHAPTER_41_EXPRESS_AND_POSTGRESS/41.2 Node-pg Relationships/express-biztime/routes/invoices.js","statementMap":{"0":{"start":{"line":1,"column":16},"end":{"line":1,"column":34}},"1":{"start":{"line":2,"column":15},"end":{"line":2,"column":31}},"2":{"start":{"line":3,"column":11},"end":{"line":3,"column":27}},"3":{"start":{"line":5,"column":0},"end":{"line":12,"column":3}},"4":{"start":{"line":6,"column":2},"end":{"line":11,"column":3}},"5":{"start":{"line":7,"column":20},"end":{"line":7,"column":60}},"6":{"start":{"line":8,"column":4},"end":{"line":8,"column":48}},"7":{"start":{"line":10,"column":4},"end":{"line":10,"column":19}},"8":{"start":{"line":13,"column":0},"end":{"line":50,"column":3}},"9":{"start":{"line":14,"column":2},"end":{"line":49,"column":3}},"10":{"start":{"line":15,"column":19},"end":{"line":15,"column":29}},"11":{"start":{"line":17,"column":19},"end":{"line":24,"column":5}},"12":{"start":{"line":26,"column":4},"end":{"line":28,"column":5}},"13":{"start":{"line":27,"column":6},"end":{"line":27,"column":75}},"14":{"start":{"line":30,"column":16},"end":{"line":30,"column":30}},"15":{"start":{"line":32,"column":4},"end":{"line":45,"column":7}},"16":{"start":{"line":48,"column":4},"end":{"line":48,"column":19}},"17":{"start":{"line":54,"column":0},"end":{"line":66,"column":2}},"18":{"start":{"line":55,"column":2},"end":{"line":65,"column":3}},"19":{"start":{"line":56,"column":28},"end":{"line":56,"column":36}},"20":{"start":{"line":57,"column":20},"end":{"line":60,"column":5}},"21":{"start":{"line":61,"column":4},"end":{"line":61,"column":58}},"22":{"start":{"line":64,"column":4},"end":{"line":64,"column":18}},"23":{"start":{"line":73,"column":0},"end":{"line":112,"column":3}},"24":{"start":{"line":74,"column":2},"end":{"line":111,"column":3}},"25":{"start":{"line":75,"column":19},"end":{"line":75,"column":29}},"26":{"start":{"line":76,"column":26},"end":{"line":76,"column":34}},"27":{"start":{"line":78,"column":23},"end":{"line":81,"column":5}},"28":{"start":{"line":83,"column":4},"end":{"line":85,"column":5}},"29":{"start":{"line":84,"column":6},"end":{"line":84,"column":72}},"30":{"start":{"line":87,"column":21},"end":{"line":87,"column":44}},"31":{"start":{"line":88,"column":19},"end":{"line":88,"column":23}},"32":{"start":{"line":90,"column":4},"end":{"line":96,"column":5}},"33":{"start":{"line":91,"column":6},"end":{"line":91,"column":28}},"34":{"start":{"line":92,"column":11},"end":{"line":96,"column":5}},"35":{"start":{"line":93,"column":6},"end":{"line":93,"column":22}},"36":{"start":{"line":95,"column":6},"end":{"line":95,"column":46}},"37":{"start":{"line":98,"column":19},"end":{"line":104,"column":5}},"38":{"start":{"line":106,"column":4},"end":{"line":106,"column":49}},"39":{"start":{"line":109,"column":4},"end":{"line":109,"column":20}},"40":{"start":{"line":110,"column":4},"end":{"line":110,"column":19}},"41":{"start":{"line":115,"column":0},"end":{"line":127,"column":2}},"42":{"start":{"line":116,"column":13},"end":{"line":116,"column":23}},"43":{"start":{"line":117,"column":15},"end":{"line":120,"column":1}},"44":{"start":{"line":122,"column":0},"end":{"line":124,"column":1}},"45":{"start":{"line":123,"column":2},"end":{"line":123,"column":62}},"46":{"start":{"line":126,"column":0},"end":{"line":126,"column":39}},"47":{"start":{"line":130,"column":0},"end":{"line":130,"column":24}}},"fnMap":{"0":{"name":"(anonymous_0)","decl":{"start":{"line":5,"column":16},"end":{"line":5,"column":17}},"loc":{"start":{"line":5,"column":48},"end":{"line":12,"column":1}},"line":5},"1":{"name":"(anonymous_1)","decl":{"start":{"line":13,"column":19},"end":{"line":13,"column":20}},"loc":{"start":{"line":13,"column":51},"end":{"line":50,"column":1}},"line":13},"2":{"name":"(anonymous_2)","decl":{"start":{"line":54,"column":17},"end":{"line":54,"column":18}},"loc":{"start":{"line":54,"column":49},"end":{"line":66,"column":1}},"line":54},"3":{"name":"(anonymous_3)","decl":{"start":{"line":73,"column":19},"end":{"line":73,"column":20}},"loc":{"start":{"line":73,"column":51},"end":{"line":112,"column":1}},"line":73},"4":{"name":"(anonymous_4)","decl":{"start":{"line":115,"column":22},"end":{"line":115,"column":23}},"loc":{"start":{"line":115,"column":54},"end":{"line":127,"column":1}},"line":115}},"branchMap":{"0":{"loc":{"start":{"line":26,"column":4},"end":{"line":28,"column":5}},"type":"if","locations":[{"start":{"line":26,"column":4},"end":{"line":28,"column":5}},{"start":{},"end":{}}],"line":26},"1":{"loc":{"start":{"line":83,"column":4},"end":{"line":85,"column":5}},"type":"if","locations":[{"start":{"line":83,"column":4},"end":{"line":85,"column":5}},{"start":{},"end":{}}],"line":83},"2":{"loc":{"start":{"line":90,"column":4},"end":{"line":96,"column":5}},"type":"if","locations":[{"start":{"line":90,"column":4},"end":{"line":96,"column":5}},{"start":{"line":92,"column":11},"end":{"line":96,"column":5}}],"line":90},"3":{"loc":{"start":{"line":90,"column":8},"end":{"line":90,"column":34}},"type":"binary-expr","locations":[{"start":{"line":90,"column":8},"end":{"line":90,"column":17}},{"start":{"line":90,"column":21},"end":{"line":90,"column":34}}],"line":90},"4":{"loc":{"start":{"line":92,"column":11},"end":{"line":96,"column":5}},"type":"if","locations":[{"start":{"line":92,"column":11},"end":{"line":96,"column":5}},{"start":{"line":94,"column":11},"end":{"line":96,"column":5}}],"line":92},"5":{"loc":{"start":{"line":92,"column":15},"end":{"line":92,"column":41}},"type":"binary-expr","locations":[{"start":{"line":92,"column":15},"end":{"line":92,"column":23}},{"start":{"line":92,"column":27},"end":{"line":92,"column":41}}],"line":92},"6":{"loc":{"start":{"line":122,"column":0},"end":{"line":124,"column":1}},"type":"if","locations":[{"start":{"line":122,"column":0},"end":{"line":124,"column":1}},{"start":{},"end":{}}],"line":122}},"s":{"0":2,"1":2,"2":2,"3":2,"4":1,"5":1,"6":1,"7":0,"8":2,"9":2,"10":2,"11":2,"12":2,"13":1,"14":1,"15":1,"16":0,"17":2,"18":1,"19":1,"20":1,"21":1,"22":0,"23":2,"24":2,"25":2,"26":2,"27":2,"28":2,"29":1,"30":1,"31":1,"32":1,"33":0,"34":1,"35":0,"36":1,"37":1,"38":1,"39":0,"40":0,"41":2,"42":2,"43":2,"44":2,"45":1,"46":1,"47":2},"f":{"0":1,"1":2,"2":1,"3":2,"4":2},"b":{"0":[1,1],"1":[1,1],"2":[0,1],"3":[1,1],"4":[0,1],"5":[1,0],"6":[1,1]},"_coverageSchema":"1a1c01bbd47fc00a2c39e90264f33305004495a9","hash":"2303623c005bb11e2b910ae5bad1cb4fda3fdbeb"}
}
