TN:
SF:app.js
FN:20,(anonymous_0)
FN:27,(anonymous_1)
FNF:2
FNH:0
FNDA:0,(anonymous_0)
FNDA:0,(anonymous_1)
DA:4,2
DA:6,2
DA:7,2
DA:9,2
DA:12,2
DA:13,2
DA:15,2
DA:16,2
DA:20,2
DA:21,0
DA:22,0
DA:27,2
DA:28,0
DA:30,0
DA:37,2
LF:15
LH:11
BRDA:28,0,0,0
BRDA:28,0,1,0
BRF:2
BRH:0
end_of_record
TN:
SF:db.js
FNF:0
FNH:0
DA:2,2
DA:3,2
DA:7,2
DA:8,2
DA:13,0
DA:18,2
DA:19,2
LF:7
LH:6
BRDA:7,0,0,2
BRDA:7,0,1,0
BRF:2
BRH:1
end_of_record
TN:
SF:expressError.js
FN:8,(anonymous_0)
FNF:1
FNH:0
FNDA:0,(anonymous_0)
DA:9,0
DA:10,0
DA:11,0
DA:12,0
DA:17,2
LF:5
LH:1
BRF:0
BRH:0
end_of_record
TN:
SF:routes/companies.js
FN:7,(anonymous_0)
FN:20,(anonymous_1)
FN:39,(anonymous_2)
FN:47,(anonymous_3)
FN:64,(anonymous_4)
FN:93,(anonymous_5)
FNF:6
FNH:5
FNDA:1,(anonymous_0)
FNDA:1,(anonymous_1)
FNDA:0,(anonymous_2)
FNDA:1,(anonymous_3)
FNDA:3,(anonymous_4)
FNDA:1,(anonymous_5)
DA:1,2
DA:2,2
DA:3,2
DA:4,2
DA:7,2
DA:8,1
DA:11,1
DA:14,0
DA:20,2
DA:21,1
DA:22,1
DA:23,1
DA:27,1
DA:28,0
DA:35,1
DA:38,1
DA:39,1
DA:40,1
DA:42,0
DA:47,2
DA:48,1
DA:49,1
DA:50,1
DA:51,1
DA:55,1
DA:58,0
DA:64,2
DA:65,3
DA:66,3
DA:67,3
DA:69,3
DA:72,3
DA:73,2
DA:80,1
DA:83,1
DA:87,0
DA:93,2
DA:94,1
DA:95,1
DA:100,1
DA:101,0
DA:104,1
DA:108,2
LF:43
LH:37
BRDA:27,0,0,0
BRDA:27,0,1,1
BRDA:72,1,0,2
BRDA:72,1,1,1
BRDA:100,2,0,0
BRDA:100,2,1,1
BRF:6
BRH:4
end_of_record
TN:
SF:routes/invoices.js
FN:5,(anonymous_0)
FN:13,(anonymous_1)
FN:54,(anonymous_2)
FN:73,(anonymous_3)
FN:115,(anonymous_4)
FNF:5
FNH:5
FNDA:1,(anonymous_0)
FNDA:2,(anonymous_1)
FNDA:1,(anonymous_2)
FNDA:2,(anonymous_3)
FNDA:2,(anonymous_4)
DA:1,2
DA:2,2
DA:3,2
DA:5,2
DA:6,1
DA:7,1
DA:8,1
DA:10,0
DA:13,2
DA:14,2
DA:15,2
DA:17,2
DA:26,2
DA:27,1
DA:30,1
DA:32,1
DA:48,0
DA:54,2
DA:55,1
DA:56,1
DA:57,1
DA:61,1
DA:64,0
DA:73,2
DA:74,2
DA:75,2
DA:76,2
DA:78,2
DA:83,2
DA:84,1
DA:87,1
DA:88,1
DA:90,1
DA:91,0
DA:92,1
DA:93,0
DA:95,1
DA:98,1
DA:106,1
DA:109,0
DA:110,0
DA:115,2
DA:116,2
DA:117,2
DA:122,2
DA:123,1
DA:126,1
DA:130,2
LF:48
LH:41
BRDA:26,0,0,1
BRDA:26,0,1,1
BRDA:83,1,0,1
BRDA:83,1,1,1
BRDA:90,2,0,0
BRDA:90,2,1,1
BRDA:90,3,0,1
BRDA:90,3,1,1
BRDA:92,4,0,0
BRDA:92,4,1,1
BRDA:92,5,0,1
BRDA:92,5,1,0
BRDA:122,6,0,1
BRDA:122,6,1,1
BRF:14
BRH:11
end_of_record
